<?xml version="1.0" encoding="UTF-8"?>
<!-- Generated by org.testng.reporters.JUnitReportReporter -->
<testsuite hostname="FFE-Bandi-Saiteja" failures="0" tests="1" name="swagLabs.Inventory.ClickOnAddToCartTest" time="3.445" errors="0" timestamp="2025-08-29T10:01:04 IST" skipped="0">
  <testcase classname="swagLabs.Inventory.ClickOnAddToCartTest" name="clickOnAddToCart" time="3.445"/>
</testsuite> <!-- swagLabs.Inventory.ClickOnAddToCartTest -->
