<?xml version="1.0" encoding="UTF-8"?>
<!-- Generated by org.testng.reporters.JUnitReportReporter -->
<testsuite hostname="FFE-Bandi-Saiteja" failures="0" tests="1" name="swagLabs.Inventory.DemoClass" time="0.002" errors="0" timestamp="2025-08-24T10:57:16 IST" skipped="0">
  <testcase classname="swagLabs.Inventory.DemoClass" name="demo" time="0.002"/>
</testsuite> <!-- swagLabs.Inventory.DemoClass -->
