<?xml version="1.0" encoding="UTF-8"?>
<!-- Generated by org.testng.reporters.JUnitReportReporter -->
<testsuite hostname="FFE-Bandi-Saiteja" failures="0" tests="1" name="swagLabs.Inventory.ClickOnAddToCartTest" time="4.110" errors="0" timestamp="2025-08-24T11:01:21 IST" skipped="0">
  <testcase classname="swagLabs.Inventory.ClickOnAddToCartTest" name="clickOnAddToCart" time="4.110"/>
</testsuite> <!-- swagLabs.Inventory.ClickOnAddToCartTest -->
